9.376649359696376E-4
9.365476267502896E-4
9.374311451448607E-4
9.373329845751316E-4
9.377650709273235E-4
9.368052079416142E-4
9.371006826764064E-4
9.367363340948566E-4
9.362655311562874E-4
9.360412389225062E-4
9.373908927317809E-4
9.382115793097874E-4
9.371978118632702E-4
9.370347987552806E-4
9.362688514501034E-4
9.373045814974084E-4
9.371527341648331E-4
9.368053355671838E-4
9.376630661870078E-4
9.368829611506991E-4
9.378177662189888E-4
9.370822665830458E-4
9.377353664887672E-4
9.376645424458732E-4
9.365832356447627E-4
9.361011205764208E-4
9.360204555836373E-4
9.371235929565478E-4
9.363868599709476E-4
9.370451267450826E-4
