9.369778503575022E-4
9.370682386344227E-4
9.380515544704839E-4
9.370049743242173E-4
9.372710538174045E-4
9.36670691340499E-4
9.366534516651506E-4
9.373173773460706E-4
9.365287037040994E-4
9.375557966619901E-4
9.37289640749123E-4
9.37746980923024E-4
9.368903382386578E-4
9.362653307331123E-4
9.377534688485132E-4
9.353156012428233E-4
9.364715541714711E-4
9.381300364955179E-4
9.374456554133998E-4
9.374765933142937E-4
9.381358320781895E-4
9.36776286326434E-4
9.385502313072088E-4
9.371358389707548E-4
9.359879207636576E-4
9.37734510290935E-4
9.372750866462561E-4
9.370437046734062E-4
9.355565462162617E-4
9.359660809448772E-4
