0.0010340988499147451
0.0010339081913237173
0.0010329179644924618
0.0010336269007547244
0.0010339652058893084
0.001032979814531445
0.0010323993443585623
0.0010325953074023248
0.0010350977561248342
0.0010335206087117351
0.0010306044549240885
0.0010330264096675334
0.001034209563808415
0.0010331420523042186
0.0010342485028557637
0.0010332175868374913
0.0010334812285104251
0.0010326823561215336
0.0010338411510414343
0.0010334447320015923
0.0010342227690180422
0.0010339469867535196
0.001034685480436032
0.0010338294574110292
0.0010336442225544282
0.0010346064218630328
0.0010334875080374125
0.0010345838898127638
0.0010341928736672208
0.0010334374015997024
