0.0013896012428103548
0.0013828716630148253
0.0013891894413047342
0.0013871517365001665
0.0013802364962556166
0.0013907859504953808
0.0013851130135094883
0.0013886445443038703
0.0013860232417821647
0.0013784643410453712
0.0013872109241731942
0.001381893570961842
0.0013861231667511072
0.001384248140575219
0.0013827716383339784
0.0013870082834522286
0.0013820999933003434
0.0013883983604524185
0.0013803508619636212
0.00138856861380047
0.0013910296535184902
0.001382898739418819
0.001382604843233215
0.0013838856448281141
0.0013857852256366594
0.0013832570363662867
0.001384559404586314
0.0013858774822356576
0.0013847914799523238
0.0013804755134201711
