0.0013859595062855235
0.0013841697518936127
0.0013812144970218275
0.00137563892480175
0.0013803950313836435
0.0013824448650399525
0.0013901139398712634
0.001377683185214022
0.0013901857469298881
0.001381475571224645
0.0013874944464779722
0.0013874199658656904
0.0013807397786128597
0.0013771784904032913
0.0013836051429986964
0.0013794620304175126
0.0013830246175205035
0.0013932656160572249
0.001386306050055868
0.0013828142757727623
0.0013788289321124843
0.0013814033410551483
0.0013884563676419804
0.001386622688359226
0.0013826752744731095
0.0013821790531445312
0.0013797213968057141
0.0013899452981925538
0.0013843907812732977
0.001384751213424326
