0.001805588462004955
0.0017923527739869005
0.001793416051611045
0.0017771412177646822
0.0017903522770149438
0.0017835298169621052
0.0017984996236721396
0.0017773287024923634
0.0017954355778072018
0.0018037039909410391
0.0017986428814940685
0.0017913723491980514
0.0017969077221754613
0.0018034930298827208
0.0018015818108674353
0.0017854126753421397
0.001795108177774061
0.0017987078458367603
0.0017908747716500607
0.001799680795799198
0.0018046635941607553
0.00180090193928944
0.0017960258300291135
0.0017819673302683849
0.0017943810191532914
0.0018007064193539916
0.0017982649426039239
0.0017921604390965524
0.0017984469761710541
0.0017932808722419021
