0.0018048136122352338
0.0017936549677240248
0.0017799513864989226
0.0018034843428386238
0.001798691644354928
0.0018074386159387583
0.001799091216652136
0.0017926920144543954
0.001801300024729572
0.0017965289791372992
0.0018020662578499816
0.001801200445001282
0.0018022072975866091
0.0018005251532016299
0.0017948892029165714
0.0018078666654833743
0.001788362005658596
0.0017892058481362922
0.0017872947014593002
0.001800697771088542
0.0017981461896482026
0.0018008878176592393
0.0018087041426944654
0.0017989659422286634
0.0017838940609747373
0.0017996637227477696
0.001803622372936125
0.0018059288167785632
0.0017993331257997833
0.0018021878573409955
