0.0010307780497184193
0.0010307079702436832
0.0010307077792754177
0.001032217386495286
0.0010302955363565881
0.001030269918603814
0.0010306593325132979
0.0010314169403527658
0.0010301899173767557
0.0010305161344792502
0.001031058783875495
0.0010306390402796818
0.0010304155700310408
0.0010307209366013518
0.00103055639210319
0.0010313905756355823
0.0010316838372619597
0.0010299175450976291
0.0010303069064809185
0.001030288226416013
0.0010298222077496822
0.0010309507190985423
0.0010307126580532415
0.0010304740672614993
0.0010309807683817232
0.001029863708378701
0.00103100204475813
0.0010310207791309474
0.0010313139194432137
0.001029943402036053
