9.363018864381541E-4
9.368343700684211E-4
9.362677093704671E-4
9.361884379878863E-4
9.359504411756562E-4
9.367714383186302E-4
9.375631626602589E-4
9.352613347411703E-4
9.348984938859352E-4
9.364919180771616E-4
9.372470828790367E-4
9.35875319236598E-4
9.360790617488895E-4
9.348988482714125E-4
9.349952063513606E-4
9.36138201749506E-4
9.362024324967157E-4
9.362391374481678E-4
9.365171177535463E-4
9.360586059430844E-4
9.360439422809233E-4
9.362996237079601E-4
9.362478908223891E-4
9.35346678910465E-4
9.362078983815142E-4
9.359347642803103E-4
9.342614044333995E-4
9.362039397909083E-4
9.360804398975157E-4
9.36349651299809E-4
