9.345754998003159E-4
9.366834134762673E-4
9.350191431360091E-4
9.358558692903611E-4
9.35435506589788E-4
9.357133556777996E-4
9.351290882071558E-4
9.3631940043115E-4
9.358049572533072E-4
9.364328413201293E-4
9.360785049043574E-4
9.366184264779313E-4
9.366422837160941E-4
9.340581853045056E-4
9.367222696267602E-4
9.365471079569749E-4
9.344018265621257E-4
9.361650440228458E-4
9.365223675925516E-4
9.343880885202402E-4
9.354641434139351E-4
9.356938504894851E-4
9.368967634715231E-4
9.355719850819692E-4
9.353978113081939E-4
9.358186894556871E-4
9.346722917931904E-4
9.362634387573082E-4
9.356433501464826E-4
9.341485553449025E-4
