0.0010306865685246963
0.0010305095556408712
0.001030051796203971
0.0010306016745162264
0.0010308796345915587
0.0010299385963825824
0.0010319468295611923
0.0010307543925294664
0.0010302861482687766
0.0010308910042620164
0.0010313960849344277
0.0010303427692314074
0.0010296474170523634
0.0010309311394898885
0.0010307641437559648
0.0010294791983218306
0.0010309497394480004
0.0010318487233720065
0.00103138375889742
0.0010304795064476464
0.0010299637082474703
0.001030934056023451
0.0010312269091437812
0.001030685573405409
0.0010299756620644666
0.0010307535445569951
0.0010298533114486037
0.0010304812401732881
0.0010309296419429691
0.0010308031037080904
