0.0013884854013135146
0.0013898395437515498
0.0013895610587489672
0.0013907222382697907
0.0013879230071636968
0.0013905736951725848
0.0013864620959480884
0.0013867337160168953
0.001389353358577526
0.001390031646770648
0.0013875830368436715
0.0013924533371284609
0.0013878227120330522
0.0013875536419040734
0.0013882803534346292
0.001388783431777152
0.0013901680698246597
0.0013895247502186151
0.0013897399087829329
0.001389084226019402
0.0013878080744791359
0.0013856823970515393
0.00139038787808335
0.0013886983636980253
0.0013888084287421083
0.0013913051493975208
0.001389175003426306
0.001392557124614074
0.0013902632526634157
0.0013875709293007118
