0.0013896100401994806
0.0013883299801096453
0.0013879840751018114
0.0013896481625566663
0.0013888486584079005
0.001387425159920544
0.0013871384646257237
0.0013893026565669816
0.0013892696711194728
0.001387182725119374
0.0013884853286553203
0.0013878605364061026
0.0013887639468973443
0.0013910862618087038
0.0013892786813096269
0.0013888962072283544
0.0013890720834529003
0.0013872803117008625
0.0013882904273349891
0.0013872639267316275
0.00138887037513897
0.001388745516327752
0.0013890718989752501
0.00138918803423853
0.001387812067500424
0.001392309504902625
0.0013871721020899549
0.001387417955182785
0.0013883249081968506
0.0013897928427780756
