0.0017992107513500814
0.001802036372004077
0.0018071445718267926
0.0018013905144289833
0.0018054216619554132
0.0018033848746558847
0.00180279978271564
0.0018044464682926517
0.0018024119309566972
0.001804598101910766
0.0018023939460159789
0.0018028995896498807
0.0017987519474335668
0.001803749015573744
0.001808859020976687
0.001802810879837493
0.0017991731466878657
0.0018068026398278337
0.0018040629775197819
0.0018007359165071578
0.0018062958627447592
0.0017996059481558643
0.0018004725345182426
0.0018054197401329978
0.0018041614077604537
0.0018057687733875885
0.0018003852650873122
0.0017994435734102444
0.001798030038677117
0.0018040254389913217
