0.0018006191727596421
0.0018055709179890455
0.0018057891371569769
0.001804915410480844
0.00180552754431385
0.0018010969576634718
0.0018037744003943671
0.0018030509361816496
0.001804063557163792
0.00179850086695811
0.0018033689291652034
0.0018036427272034672
0.0018012563510661447
0.0018006894292394763
0.0018028509190670203
0.0018058970832045102
0.0018082673935674457
0.0018031268002235848
0.0018049516859871876
0.0018011514537294663
0.0018030420724391768
0.0018000367527465934
0.0018026517814393214
0.0018035645681386556
0.0017994819100102832
0.0018014065094737169
0.0018022737057320833
0.0018075762090325313
0.0018032392800887169
0.001797624639639981
