9.366037622243648E-4
9.381111767626676E-4
9.371851709250664E-4
9.369455310422148E-4
9.363690004178193E-4
9.370779465897176E-4
9.370498344108302E-4
9.379821278023517E-4
9.371468293729011E-4
9.368363147195097E-4
9.363307803544056E-4
9.377300336625738E-4
9.37692245046119E-4
9.374027170180087E-4
9.375690241071067E-4
9.375401590633759E-4
9.374437458898434E-4
9.372253145905603E-4
9.372696291271423E-4
9.376337706464369E-4
9.376210895665016E-4
9.365015137184195E-4
9.382020702564741E-4
9.373537761219494E-4
9.38058384853811E-4
9.371055249633127E-4
9.379034697628788E-4
9.379750637150902E-4
9.373526157907936E-4
9.369200365996548E-4
