9.431541970931794E-4
9.438130569349719E-4
9.437326365094266E-4
9.433430640464689E-4
9.423973965768326E-4
9.437961149273865E-4
9.428905741867935E-4
9.440286704161287E-4
9.430505872623055E-4
9.435108097016895E-4
9.440717115827975E-4
9.429062988117765E-4
9.444678189947794E-4
9.423786781435901E-4
9.438624645754876E-4
9.431730811585595E-4
9.441740366017583E-4
9.436988619069617E-4
9.436355043131805E-4
9.443441843794633E-4
9.438030589741909E-4
9.432983986777165E-4
9.435482236031633E-4
9.432372971064723E-4
9.433593933749773E-4
9.426610726251823E-4
9.430674225041245E-4
9.43575999877572E-4
9.429686734377874E-4
9.435390617493186E-4
