9.436334681692288E-4
9.440141043278165E-4
9.432622673170132E-4
9.442806690309613E-4
9.437684503997431E-4
9.43288207625745E-4
9.436031897443025E-4
9.421264322103388E-4
9.442673358298401E-4
9.438513982343938E-4
9.438184707732226E-4
9.442841838176632E-4
9.436632019220215E-4
9.442555277435625E-4
9.435264695239397E-4
9.430726921469761E-4
9.435808137966453E-4
9.429765877949725E-4
9.437778202337677E-4
9.437658875739481E-4
9.439548022528775E-4
9.435884661182633E-4
9.423999023528348E-4
9.41661238977829E-4
9.435776198218021E-4
9.419608954834586E-4
9.427129806618033E-4
9.422645696249715E-4
9.432504670163413E-4
9.445166565759732E-4
