0.0010340565118527917
0.0010343360475988301
0.0010342941774411775
0.0010334447828415434
0.0010326235991552435
0.0010340417246349062
0.001033711058269052
0.0010326728237303674
0.0010331187920680617
0.0010341119143210385
0.0010333708963820947
0.0010344279077005854
0.0010335324679207484
0.0010335561026707418
0.0010338469229634684
0.001033479463568391
0.001033518074063211
0.001032455247358407
0.001033208822883892
0.0010346005414250102
0.0010332933480340445
0.0010334984177101287
0.0010338285504381732
0.001033320129481513
0.0010327697380257453
0.0010336738095675303
0.0010330304659035274
0.001033093352308256
0.001033093624841624
0.001033670053788465
