0.0010331578179438613
0.001034064970834898
0.0010335493383504292
0.0010325264911549385
0.0010330134079388738
0.00103329130749529
0.0010324285799992996
0.0010322918850078303
0.0010335667029922576
0.0010329594717083067
0.0010332888966087441
0.0010333789043941535
0.0010328316025299605
0.0010330586380304472
0.0010329686983115626
0.0010339822254851667
0.001032660270698467
0.0010337455330960072
0.0010334743856210903
0.0010331610623660527
0.0010330458551427266
0.001034651848205665
0.0010338093685242748
0.0010326605900069894
0.001033031387332349
0.0010337376270716837
0.001033463987659642
0.0010334715950890854
0.0010328299752597203
0.0010327331455958768
