0.001042196873655307
0.001042451376095235
0.0010414491876181808
0.0010428246287164918
0.0010415723736970355
0.0010424591732634738
0.0010422243412479713
0.0010411410999499058
0.0010418621726411012
0.0010416351497079149
0.0010420470216184834
0.0010423271356401723
0.0010434157272737482
0.0010429357307567178
0.0010424099467196187
0.0010419656935205107
0.0010422526697490987
0.0010411012253953489
0.0010422878771747229
0.0010427397466837166
0.001041265507474313
0.0010423021812987188
0.0010426197402934123
0.0010426872592439397
0.0010422691060695422
0.0010416470522482519
0.0010426459343038058
0.0010430331452884896
0.0010409184177164418
0.0010422314961453865
