0.0010422688010088632
0.0010432614294993564
0.0010428263727580414
0.0010422493113457973
0.0010422903141762857
0.0010426246697101643
0.001041907008951202
0.001043420807182117
0.0010413295483841646
0.0010426429986209649
0.001041371937753735
0.001043077944975939
0.001041573744217407
0.0010397578621768994
0.0010420278286731998
0.001043259724384174
0.0010418302047895366
0.0010421813772041714
0.0010414463044462717
0.0010411689590604787
0.0010423446532900568
0.0010410528073807215
0.0010435300345987043
0.001040997053162561
0.0010413597379009601
0.0010416869125880546
0.0010416360916416904
0.0010424701575505783
0.0010428420073424574
0.0010427114505994245
