9.369795062415005E-4
9.37149570310525E-4
9.373010572502369E-4
9.358241872083028E-4
9.382659404580359E-4
9.374833978468937E-4
9.37096463826653E-4
9.377471754261116E-4
9.375775471769795E-4
9.373810534333402E-4
9.371704489962124E-4
9.374516164112627E-4
9.373859507479981E-4
9.380538702715382E-4
9.370018279291085E-4
9.372131169010023E-4
9.372407752630879E-4
9.373172025821897E-4
9.371707177745964E-4
9.375744458766709E-4
9.370287640059736E-4
9.369181178822239E-4
9.376433098203636E-4
9.368490135884036E-4
9.369214567083446E-4
9.363838593394808E-4
9.383200200751484E-4
9.37929165552191E-4
9.375820742143985E-4
9.372118204866495E-4
