0.0014004353893663673
0.0014003803023506648
0.0013976771722047459
0.0014026349427223104
0.0013988311184405925
0.0014032649958802905
0.0014009059911973363
0.0014019970192704965
0.0014000928115844122
0.0013983481988492066
0.001399900991134647
0.0014004516513371978
0.0013999732697667746
0.00140111746686837
0.00139886690106103
0.0014002272415762002
0.0013980482157194894
0.0013999095316406507
0.0014016755628189393
0.0014005231049765345
0.0014000666057375297
0.0013987571742376387
0.0014035930578753875
0.001403948512626979
0.001400526670001454
0.0014050762118665743
0.0014014639395456918
0.001401500913200485
0.0014002508656510123
0.0014006476890299705
