0.0013932487437672099
0.0013898136567007799
0.00138963597859253
0.0013925236285130841
0.001391579837308231
0.001392248024002408
0.0013904104763387238
0.0013903895805967904
0.0013928568272174203
0.001392987060545781
0.0013938993382524025
0.001393466746495395
0.00139025272700281
0.001390017026770188
0.0013900975512464392
0.0013934132816591468
0.001389698234534407
0.0013939230260355817
0.0013925849068952244
0.0013929069232978947
0.0013934481103444775
0.0013938979956373805
0.001392771264472246
0.0013926481416783594
0.0013880911762809058
0.0013933711289389587
0.001388387481189948
0.001391952503613348
0.0013896743013045564
0.0013888254267608242
