0.001392561310083929
0.0013951542906452466
0.0013900210578966972
0.0013912278328771612
0.0013923615805417476
0.0013935148491771858
0.0013889800067852693
0.0013876083457780015
0.001392778085475498
0.0013911310095593233
0.0013905013779190066
0.0013911047173296727
0.0013899670531042992
0.0013930626417772607
0.0013921535061654612
0.0013938508377864898
0.0013942934760174997
0.001391333089221518
0.0013925582104305388
0.0013909514872575027
0.0013945493601479136
0.001392966127321665
0.001392799951817425
0.001389529932812768
0.0013924827303588027
0.001394463413476773
0.0013912160252497856
0.0013927007584746463
0.0013929000102655203
0.0013934274531571622
