0.0013974228820377123
0.0013975827488536532
0.0014026208696047726
0.00140186884060772
0.0014010996403200644
0.0013971130563244806
0.0014009006958973788
0.0013999920959733407
0.0014013680257629851
0.001397470542867574
0.001399277990323702
0.0014013146253132101
0.0013999766262428816
0.0014005610476640474
0.001400283880885389
0.001403437410478718
0.001399597919178577
0.0014008818340898591
0.0013994868133469084
0.00139670335543521
0.0014000407505152768
0.001399023330070755
0.0013999889286868384
0.0014017860715418756
0.0014023296142244026
0.0014034613550197553
0.0013989885044252855
0.0013970883585324421
0.0014027719105118449
0.0014013147362582305
