0.0018164240055877927
0.0018216742688162398
0.0018263001610253136
0.0018242118166415294
0.0018219955577410468
0.0018235342388190049
0.0018245686132862136
0.00182017669339862
0.0018236326216462609
0.0018202985134988183
0.0018230809750630777
0.0018233865860044023
0.0018233038836888622
0.0018145584444338872
0.0018207797165105061
0.0018240847876477518
0.001824028228088386
0.0018244233322955194
0.0018215895478399117
0.0018217781030266103
0.0018249802569892152
0.0018212793514978008
0.0018215470007529617
0.0018232014099984774
0.0018213864557928617
0.0018282826637192257
0.001816986061547895
0.0018242975217215153
0.0018213698849013833
0.00182247618661866
