0.0018182499176796789
0.0018195028150224638
0.001822074453299271
0.0018267291607079318
0.001822056325081622
0.0018234710641276736
0.0018236938673446396
0.0018219466037487856
0.00182075972037611
0.0018207822801646128
0.001823087116299914
0.0018201806943263783
0.001825344450883564
0.00181988171632825
0.001818932612853142
0.0018133883357570623
0.001825458822982683
0.001821444250376283
0.001823351714833006
0.0018219135114867827
0.0018183486207287002
0.0018226252977989786
0.0018150663157050209
0.0018223087998363997
0.00182241730397307
0.0018241850986926355
0.0018216973710099386
0.0018227508017146592
0.0018274337563721592
0.0018279449482366816
