0.0018102284216514226
0.0018101942741358596
0.0018041839427173814
0.001804782412153821
0.0018059307270614183
0.001804061840817231
0.0018066361828914398
0.001809340731541632
0.0018062876870716406
0.0018058371299357104
0.0018056793198641414
0.0018077463927108585
0.0018062961073197967
0.0018089247225726096
0.001809796925734154
0.0018066117118836576
0.0018034655461620975
0.0018022577978740598
0.0018064888862422152
0.0018084957580026145
0.0018095249701917666
0.0018088877284836448
0.0018109995216285559
0.001808760808260122
0.0018079429408238488
0.001809378361101079
0.0018074085958630732
0.001799529242759443
0.0018072126289705214
0.0018104094914747908
