0.0018115633729654415
0.0018105571327926976
0.0018067932593301798
0.0018053716264185599
0.0018111904414373039
0.0018027291513127532
0.0018088448683799636
0.0018089137095545556
0.001807914551408467
0.00180951065814932
0.0018071712912348925
0.0018061567314912477
0.0018085162698148523
0.001807046155561701
0.0018072242227017239
0.0018110773216407205
0.0018027295787148888
0.0018075570332720566
0.0018061358225801337
0.001806618170115738
0.0018067869612223685
0.0018077255316763185
0.0018062358557658707
0.00180919563118443
0.0018061396286102615
0.0018072709168410355
0.001808584852121207
0.001805993892640959
0.0018104675363594688
0.0018048231873045962
