9.399708260935841E-4
9.396386832000219E-4
9.397003969861968E-4
9.388825034006333E-4
9.390966518097719E-4
9.389462550358157E-4
9.391955920934956E-4
9.401021928727095E-4
9.398848764268736E-4
9.408627284186367E-4
9.391568208630698E-4
9.402139581698313E-4
9.400918087066317E-4
9.394743925541003E-4
9.387109215767476E-4
9.392043609294347E-4
9.397793880744545E-4
9.391531143023316E-4
9.394554391078308E-4
9.397324974586727E-4
9.393352628878187E-4
9.398593681200143E-4
9.391372360066893E-4
9.401709425774587E-4
9.40490162272112E-4
9.394774540661594E-4
9.399035071060815E-4
9.389711251974037E-4
9.392022957118893E-4
9.394202290197824E-4
