0.0010369992848547208
0.001037053780929461
0.0010372321574363946
0.0010367303005259624
0.0010368419273384154
0.001036439176529189
0.0010366924430419814
0.0010369575483485766
0.0010367757866474752
0.0010368728858902352
0.001036656935620668
0.0010364639060589384
0.0010362058848060367
0.0010369348098255987
0.0010375797782603067
0.0010377104621107586
0.0010363040303360245
0.0010363302766951427
0.0010353740403613882
0.0010365774283881
0.0010369036171470037
0.0010358499660691398
0.001036787542886667
0.0010371363038266302
0.0010369232949861678
0.0010362790982676494
0.0010370225024017008
0.0010367295729429217
0.001036589478275287
0.0010361430490451985
