-9.856988796289985E-4
-0.004232431938357103
-5.041396725830375E-4
0.0010367472158969199
-0.005317664943133479
-0.009949129770693994
-0.002007111400166339
-3.790553368739902E-4
0.001037055607724262
-0.03049057288648141
-0.04240266995126085
-0.004098370467682046
-0.002394460991030799
-0.0038423697418307643
0.001037433964842293
7.507455553965171E-4
9.185528970778762E-4
-0.015558397123721772
-0.004216559424669954
0.0010365080685685222
-0.0013396906802450742
1.2074271008319717E-4
-0.010936475161784432
-0.004824236602162189
-0.020651925712047423
-0.00686145086681708
0.0010372697717471514
-0.004420942471808526
-0.0068939035314827405
0.001037368380631593
