0.0010369651718210565
0.0010369829754224695
0.001036989303511637
0.0010366976121162462
0.0010367303859261396
0.0010373703494887217
0.00103712168359188
0.0010367913634105187
0.0010372028602711055
0.001034713791300344
0.001038039019951187
0.0010367209520797639
0.0010378675262284693
0.0010365101401851788
0.0010370451849759967
0.0010370777398259565
0.0010367922483921596
0.001037269805477758
0.001037364065593232
0.0010364785872295312
0.001035747482434506
0.0010370965783286674
0.0010364157033570616
0.001036837273690316
0.0010374189354415177
0.0010362977683126703
0.0010359927576054082
0.0010376936126535946
0.0010366351851492843
0.0010367795973526064
