9.393961890289543E-4
9.401570501733013E-4
9.392679434721599E-4
9.399444546459994E-4
9.406496741517928E-4
9.402390682442059E-4
9.390389328198174E-4
9.396625835981342E-4
9.39625732354041E-4
9.390109667822442E-4
9.394784473904044E-4
9.393560348457138E-4
9.396030400836556E-4
9.401298740166462E-4
9.389361838798246E-4
9.399869543768587E-4
9.394941976886011E-4
9.386387763495308E-4
9.395765724572497E-4
9.394989832630194E-4
9.394738213872225E-4
9.394164444531508E-4
9.399638043527485E-4
9.396329368687364E-4
9.397028675087557E-4
9.396149078790941E-4
9.393229931322121E-4
9.397377824448732E-4
9.394649784529966E-4
9.397646998370941E-4
