9.373444042608201E-4
9.39510530471944E-4
9.388244191715748E-4
9.379527901317181E-4
9.380122634852726E-4
9.38696867538127E-4
9.385873760895286E-4
9.405806146836552E-4
9.387622820976176E-4
9.391659461012194E-4
9.373957590961044E-4
9.39418737454718E-4
9.398213216836632E-4
9.40045552331582E-4
9.393268874817465E-4
9.39339756567083E-4
9.371672950463715E-4
9.407136906326173E-4
9.366184626469536E-4
9.391570749225204E-4
9.402420592243744E-4
9.399627028698252E-4
9.404171912581749E-4
9.395781987886346E-4
9.359033046472478E-4
9.345985872076981E-4
9.396927769117092E-4
9.362970656377425E-4
9.400504587144666E-4
9.392192623988939E-4
