9.385948210396243E-4
9.39430075604607E-4
9.37819353356764E-4
9.394977768178479E-4
9.396775970785013E-4
9.372091331601327E-4
9.396812008636692E-4
9.39451853180433E-4
9.36184899981016E-4
9.360191612418266E-4
9.368889035543161E-4
9.403771132676776E-4
9.372917206775845E-4
9.378293284612906E-4
9.395237052942447E-4
9.38287532342389E-4
9.333440259159291E-4
9.382023441967067E-4
9.398014759937209E-4
9.398978517474946E-4
9.396162281260019E-4
9.395655847674518E-4
9.395010395593467E-4
9.382894322749996E-4
9.403188571776913E-4
9.39500291058287E-4
9.385315754235671E-4
9.391837020258228E-4
9.388865026310066E-4
9.399150048093258E-4
