0.0010419292511720094
0.0010416582243523655
0.0010426775542654928
0.001043593997580805
0.0010406857675326437
0.0010420633084256728
0.0010423685292287543
0.0010427416090822831
0.0010403242561138914
0.0010409600726314222
0.0010405671430876481
0.0010399452068498662
0.0010423511425765293
0.0010399780293761452
0.0010420154814355259
0.0010412924729059226
0.0010432018043206722
0.001041667774711201
0.0010429659743888587
0.0010413208483981574
0.0010426779992320214
0.0010411386948335644
0.0010399406075581206
0.0010444356075452236
0.0010423039405486683
0.0010421816228500258
0.0010417480560899772
0.00104094901203135
0.0010410333118050005
0.0010418710869812258
