0.0013929763017328728
0.0013889201223059554
0.0013868103208693723
0.0013914516744719567
0.001394504999816095
0.0013938758121958621
0.0013926948958805315
0.0013905578237496693
0.0013917141541215342
0.0013834144425157351
0.0013903497399112325
0.0013905599289051084
0.0013804173460827945
0.0013948592649268648
0.0013951155129547344
0.0013907771983962028
0.0013944998621008068
0.0013828070240980764
0.00139399584195028
0.001390951455264446
0.0013926564864886223
0.001388014083187396
0.0013923700459104393
0.0013906621490106955
0.0013908252514133767
0.0013914346656667552
0.0013956254088528036
0.0013845123467229176
0.0013827601157890093
0.0013935839819628777
