0.0013941089633638796
0.0013934144724922419
0.0013919310225113772
0.0013940910829593318
0.00139414870949872
0.0013939058706324654
0.0013895138731496188
0.0013942011995027666
0.0013883622359969015
0.0013897580771828255
0.0013939575900732684
0.0013901034630691691
0.0013922302984133595
0.0013938831869150159
0.0013896027504597414
0.0013914827779394413
0.0013919102355106044
0.00139013890538107
0.0013900599217233584
0.0013919113494509777
0.001389903882635176
0.001397065117199598
0.0013914847585526267
0.0013925213007263812
0.0013946105006757078
0.0013948906572102224
0.0013935165107517434
0.001391160838991762
0.0013927223373672165
0.0013936779865968
