0.001392038873346082
0.0013934398092267826
0.0013965013582753771
0.0013931298407410563
0.00139331779925356
0.001391918250691579
0.0013920298659063743
0.0013919355566928333
0.001388257806909612
0.001395742471966807
0.0013936086253776205
0.0013894623063498094
0.0013947388909027513
0.0013955925177328477
0.0013933155005757876
0.0013902363845875892
0.0013956765730937276
0.001391039565872073
0.001395284274694091
0.0013935718788232261
0.0013912480561989508
0.001392079386337864
0.0013927461425197528
0.0013936371611145062
0.0013959472428516574
0.001392349160555622
0.0013917489283563748
0.0013968139010970264
0.0013938807093765763
0.0013934109029578156
