0.0013951834230372388
0.0013884926903175953
0.0013937739669142558
0.001390953260746575
0.0013927825371106706
0.001393424062511715
0.0013942663946801455
0.0013735986405122897
0.0013939725257313168
0.0013920337101313777
0.0013922905151914512
0.0013940725004558054
0.0013953391751539831
0.0013950818913918413
0.0013916140972005278
0.0013926906868041845
0.0013961358729361213
0.0013954009633618681
0.0013943179287962562
0.001394680635881515
0.00139086257274105
0.0013946094928899274
0.0013932346833784312
0.0013821306985500894
0.0013951143248435445
0.0013911152798350918
0.0013922744209600288
0.0013925506729611842
0.001390163342566497
0.0013784918559398708
