0.0018101726479865922
0.0018088222221448707
0.0018064070014679663
0.001806668002193164
0.0018073733479714099
0.0018107267891679006
0.0018062550298808414
0.001809335285574397
0.0018128482449930772
0.0018122686229292675
0.001811496931875624
0.0018123175249947652
0.0018055590221129109
0.001811849145883354
0.0018126921978580141
0.001810000424586858
0.0018105730478844449
0.0018129661534764662
0.0018134607799717827
0.001812194351684871
0.0018104726546320153
0.001808979847666753
0.0018123229952988597
0.0018076301100027545
0.0018096552579917723
0.0018100942999857137
0.0018104981692408156
0.001812939393210138
0.0018076638042241278
0.0018066783147911967
