0.0018082551808868714
0.0018131876998609903
0.0018081560748200122
0.0018107098781829198
0.0018108539535933738
0.001808113027584527
0.0018100754002806792
0.001806545317498996
0.0018091111283219511
0.0018077749466614604
0.0018103240947740721
0.0018064677574586839
0.0018095603894421378
0.0018068377115193178
0.0018084050368148308
0.001812767007947741
0.0018118344198388273
0.0018113171662671483
0.0018105117173554549
0.001808738499790791
0.0018115705369721705
0.00181100512465519
0.0018061949205438652
0.0018124357787976766
0.0018061878140172467
0.001809815463062183
0.0018086035665451517
0.0018104165450288146
0.0018125254828848642
0.001811177490188692
