0.0018096651302386712
0.0018091977031185565
0.001808210091054273
0.0018115115717640472
0.0018063725830646657
0.0018097467144766
0.0018079747363601148
0.001811990425788632
0.0018129426399103013
0.0018117417705300377
0.0018119977752387834
0.0018151879640611978
0.0018104495326250422
0.0017977865272201228
0.001807011842082535
0.0017989718681211127
0.0018056485197750637
0.001802047206237721
0.0018073851140070075
0.0018136604384801727
0.0018099507170506969
0.0018126224620839896
0.0018107556546499912
0.0018088694263418228
0.0018088667513858566
0.001811985668811743
0.0018072224971549665
0.001807146431911839
0.0018110881753850595
0.0018070004840078345
