0.0017973726697333254
0.0018093167622309323
0.0018123500462791475
0.0018090886936987086
0.0018011366349041042
0.001796647615430169
0.001809008794879712
0.0018071829017772922
0.0018106187551218313
0.0018087800670682792
0.00180840384408463
0.0017859725919577062
0.0018145164638274144
0.0018092758906542547
0.0018135785281274137
0.0018099962162138367
0.0018102920272867998
0.0018100366861744641
0.0017888753672043855
0.0018052788223571802
0.0018045532854436904
0.0018091925116181314
0.0018005595777113653
0.0018111271381886758
0.0018092365223417307
0.0018001269539333993
0.0018067545226574928
0.001805798071631962
0.001800520157631639
0.0018119952624296326
