9.426828782056649E-4
9.421921701497039E-4
9.424117098089486E-4
9.432371513879022E-4
9.426704624038142E-4
9.428025680364334E-4
9.42649439809901E-4
9.427097853692224E-4
9.432937307357087E-4
9.432215315222269E-4
9.431243455267952E-4
9.435102698638921E-4
9.424188305013918E-4
9.42317973263655E-4
9.419292878633488E-4
9.426380703879898E-4
9.426059216101709E-4
9.415658137929782E-4
9.420600238251685E-4
9.435397004734774E-4
9.429514730695509E-4
9.427435132709785E-4
9.434140809733255E-4
9.42613681522966E-4
9.435915033356729E-4
9.425345767525367E-4
9.426051645136462E-4
9.426552761067267E-4
9.425888120792631E-4
9.419208181643397E-4
