9.372309324732866E-4
9.364301460213666E-4
9.364113356368463E-4
9.369120413410094E-4
9.35496702926302E-4
9.362298284534627E-4
9.355867830301472E-4
9.362650845347173E-4
9.350441060275365E-4
9.36423392332025E-4
9.350180828738186E-4
9.356534032807337E-4
9.365263429834923E-4
9.367748671020963E-4
9.354733811941351E-4
9.337237091481118E-4
9.360608481540159E-4
9.35501756486E-4
9.364091374593084E-4
9.365977558654871E-4
9.37525773654113E-4
9.364371294429461E-4
9.354681717755079E-4
9.346582985427297E-4
9.363271711469601E-4
9.351866070520898E-4
9.362495626896312E-4
9.344930803354016E-4
9.344846948261055E-4
9.37075709011263E-4
