0.0010309300005075582
0.0010310013618195523
0.001030575573991382
0.001031364020129263
0.001030605721132839
0.0010302754043427548
0.0010301277938343165
0.0010304908121441172
0.001030124641689625
0.0010314273275429926
0.0010302728261509207
0.0010298333139122607
0.001031596881832728
0.0010297497263203888
0.001030285174299467
0.0010299074199625303
0.0010307970811141301
0.0010306678305471062
0.001030707732111022
0.0010309080740522041
0.0010307169237705825
0.0010305142170231032
0.0010307230593804607
0.0010304193400879915
0.0010303774916732452
0.0010312713302013136
0.0010302166515193498
0.0010299909110279368
0.0010313442391512908
0.001031068190668118
