0.001030655078949139
0.0010304967251620826
0.0010311956001383712
0.001030384734312414
0.001030813903394072
0.001030111281736152
0.0010306333886899665
0.0010308516173066504
0.0010306787049526086
0.0010304738978556178
0.00103096575608219
0.0010318546822025462
0.0010301166705015564
0.001030788963817724
0.001030903082540504
0.0010305861466262936
0.0010301874855803469
0.0010303960175676308
0.001030183914781201
0.001030778346343302
0.0010302056596019366
0.0010310226696444472
0.0010302371907960504
0.0010308596584589391
0.0010311828386852019
0.0010308354397620305
0.0010308032529820267
0.001029852509614659
0.0010305480479317001
0.0010313908401881108
