0.0010416871230821585
0.0010428296811135344
0.001042536816714735
0.0010406166868084056
0.0010415461675084706
0.0010423460010055468
0.0010411692732170599
0.001042708292879399
0.0010414411885829597
0.0010392963216724427
0.0010412153004898264
0.001041668022069427
0.0010414614408416185
0.0010409479543896755
0.0010400595611994965
0.0010421238679295848
0.0010416500282871867
0.0010409554333187215
0.0010412074655160746
0.0010404257653570718
0.0010417533446193318
0.0010417249575387713
0.001040698634562067
0.001041874518800531
0.0010413613161593515
0.0010418371515709536
0.0010415936975524003
0.001042679399742466
0.001041799409389469
0.0010433016725120126
