9.425470983832644E-4
9.427307725942128E-4
9.425776087081596E-4
9.423648805436692E-4
9.419879670981704E-4
9.43029021820319E-4
9.42293573807396E-4
9.421462194308041E-4
9.421869598234025E-4
9.42797807787844E-4
9.420746531315154E-4
9.427345583687679E-4
9.42302831994217E-4
9.418186674578958E-4
9.421458824366856E-4
9.428583251220641E-4
9.423404460558126E-4
9.419680757925156E-4
9.424865072584572E-4
9.420322741544148E-4
9.428117491785818E-4
9.421151024486011E-4
9.434115472968379E-4
9.432235351704273E-4
9.424453574577761E-4
9.429923276362621E-4
9.421102331444267E-4
9.429591424638443E-4
9.427249986306439E-4
9.424064662040916E-4
