0.001042261726594953
0.0010409077995402883
0.001041090904541889
0.001041641929918922
0.0010413685201361355
0.0010420801815529646
0.0010420894342065231
0.001041628296832478
0.0010427589488858952
0.0010415703806591636
0.0010413087006109702
0.0010415208088503558
0.0010411918369286578
0.0010417917717898768
0.001041562097832992
0.001043337227093294
0.0010412348860963571
0.0010415882548413565
0.001042033787736957
0.001040876783022733
0.0010411409166586488
0.0010412447079906528
0.0010414209743737927
0.0010407826367926651
0.0010414089190727983
0.0010412270564488955
0.0010418893138627768
0.001041617012880145
0.0010422369157637446
0.0010411928048728795
