9.341560715477059E-4
9.331026015270514E-4
9.352357104395114E-4
9.351255123569346E-4
9.362862733525568E-4
9.357923420559787E-4
9.359569696374378E-4
9.363108597200383E-4
9.35185626116349E-4
9.369547040045688E-4
9.35823552192974E-4
9.359285874889463E-4
9.345614776249755E-4
9.352628032095857E-4
9.363826900622677E-4
9.353765691395672E-4
9.365167761943775E-4
9.362180585672447E-4
9.359553383323763E-4
9.369681933117E-4
9.362515202046213E-4
9.353445941910753E-4
9.361200322885998E-4
9.360997298297206E-4
9.36129637339774E-4
9.36875035461007E-4
9.365098111599297E-4
9.36077945317025E-4
9.359218632059821E-4
9.364703217199031E-4
