0.0013996636054551257
0.0014016541077168758
0.0013992364999750513
0.0013987013243957035
0.0013984184312587893
0.001399385074292866
0.0013991051729521338
0.001399121706683357
0.0013979181746303117
0.0013990834288462755
0.0013995376332284698
0.0013991337345821582
0.0013980938480639645
0.0013996358060634597
0.0013986458301404
0.0014002138427272786
0.0013986245177024887
0.0013957714174784928
0.001400847453323101
0.001400925215012885
0.0013936961720266428
0.0013993578710776809
0.0013986624455194058
0.0013969534048088182
0.0013968577343689878
0.001398299392676018
0.0013961040134386714
0.001397330281080965
0.0013984446783729724
0.0013985106195352887
