0.0013992095276721987
0.0013971111620010163
0.0014010728615827936
0.0014004737591755108
0.0014013898894182325
0.0013968888957178397
0.0013978693697828295
0.0013997802699880681
0.0014015988200537207
0.0013970732181646428
0.0013994384800973543
0.001396571876327182
0.0013974367372697322
0.001400303001151494
0.0013967676653982596
0.0014010221548542902
0.0013988148469244008
0.0014004210087656243
0.0014004790598208382
0.0013974430507630886
0.0014006685653244894
0.0013991407022699877
0.0013978005088480187
0.0013976266678806712
0.0013943468128853722
0.0014005993972729391
0.0013971095730939435
0.0014014379520796145
0.0013978001587829567
0.0013989376428128408
