0.0013902422628165874
0.0013873089013970558
0.0013900933952311321
0.0013892332163522089
0.001389111460355304
0.0013856755331017076
0.0013892971333106046
0.0013920924877815547
0.0013903268053814394
0.0013900713228181573
0.0013900444480055634
0.0013890189210238799
0.0013887350025767672
0.0013892656335531574
0.001389441413712855
0.001389491325365632
0.0013871367132222393
0.0013896957991687397
0.0013882592771189966
0.0013872088634194976
0.0013877680412430172
0.0013884918045038415
0.0013885206214761289
0.001387462388000605
0.0013891606498242016
0.00139006884901031
0.0013898586031557145
0.0013906373228094668
0.0013872994253348574
0.0013885697600209265
