0.0013979030758582375
0.001403958746128157
0.0014021734057720467
0.0014026108952456923
0.0014016022534131484
0.0014031994269529788
0.0014042984996900456
0.0014060576466161136
0.0013992241423754128
0.0014033631667723237
0.0014018907177165284
0.001404989692132473
0.0014034300142776609
0.001404739980310997
0.0014045578069412745
0.0014038170809335868
0.0014040872774133176
0.0014047606975327656
0.0014042195813614724
0.001402047637769425
0.001402343408308835
0.0014027851017601553
0.0014050209952470446
0.0014011242990857613
0.001402512369355548
0.0014029665576718753
0.0014031721790265
0.0014032376440057392
0.0014031878741165554
0.0014037791831094922
