0.0013900127794597545
0.0013915578843774281
0.0013864353746249635
0.0013894946266399335
0.0013904672364433404
0.0013870923577428786
0.0013912268620415878
0.0013906118710222885
0.0013868200563275574
0.0013877772700957786
0.0013853441464023797
0.0013889733783929341
0.0013895093483510426
0.0013879561059158174
0.0013875200817696754
0.0013887308413220592
0.0013896630823543624
0.0013869407873548256
0.0013883878539169608
0.001385671097142706
0.0013891535041777002
0.001386836427853629
0.0013885260345512852
0.0013901768003454398
0.0013897599869993641
0.0013884471149471496
0.0013875254417224391
0.0013891162281976165
0.0013882778139456201
0.001389545642867811
