0.0013922889671666733
0.0014030985610753513
0.0014039614373419194
0.001403195627673993
0.0014044976094136198
0.0014022497781849353
0.0014023165810352375
0.001401171330416443
0.0014032979053389943
0.0014038145539160098
0.0014040167031930675
0.001403165549992755
0.001404309803883322
0.0014023315309218138
0.0014032491386804292
0.0014039144127975661
0.0014012771286202323
0.0014028921889778015
0.0014034670050541793
0.0014045970425824834
0.0014029223654714118
0.0014043017633901104
0.0014029114053752433
0.001403430427304661
0.0014038861889072846
0.0014036435609378576
0.0014016864687535202
0.0014013973749973105
0.001403630609809275
0.0014041541389576344
