0.0018231732229179044
0.0018179432779933395
0.001817951163935641
0.0018207705169153068
0.0018196999841622236
0.0018226562061943656
0.001823086821222803
0.001823103635186066
0.0018205472666327127
0.0018184431706375307
0.001814332115197356
0.0018154761755634235
0.0018228645515771355
0.0018124056960548117
0.0018210255000097458
0.0018203679063847425
0.0018132417194554372
0.0018202465061238123
0.001813320366843239
0.0018204815058381883
0.0018216302717591862
0.0018148511638352773
0.0018189391757654507
0.0018208391532662294
0.001815540689421509
0.0018210444459979551
0.001823535934503275
0.0018210973614604187
0.0018201407156020577
0.0018173861853005703
