0.0017962593204513071
0.0017968542336837569
0.0018010023274044988
0.0018050679695330676
0.0018045630492891764
0.0018047214684632394
0.001806126515920018
0.001800793593639987
0.001799477182482865
0.0018015091066868273
0.001807163811035934
0.0018009714944656912
0.0018053835106411182
0.0018003401104479933
0.0018038660725925339
0.0017996332699389632
0.00179670210992374
0.001804448373575109
0.0018053089634650294
0.0018050016668858175
0.0018017523993651254
0.001800275087692415
0.0018024812736038467
0.0018047964704682902
0.0018070364929215312
0.0018031257529333912
0.0018024995803050583
0.0018049766241733764
0.001804675773784172
0.0018074233599729994
