0.001797593044399668
0.0017963469819362737
0.0018017067391933698
0.0018022372846796153
0.0017984007811063167
0.0018061749321917793
0.0017982054462404237
0.0018034904641751484
0.0018020961696698758
0.0018038249774581744
0.0017950081227964185
0.0017998917985440322
0.0018073587242568674
0.001802918057016785
0.0018015693505680102
0.0017996970358782646
0.0018050301127307054
0.0018003683308085976
0.0018060785813418805
0.0018036053187170833
0.001802232670079211
0.0017994305434270582
0.0018061426970963947
0.0018057781693449427
0.0018048601710065225
0.0018013888552459714
0.001805651384198777
0.0017984361762042615
0.0018016327006240103
0.0018036615764150626
