0.0018101038807879413
0.0018277190430926564
0.0018269449503559795
0.0018260894780375912
0.0018269147601626262
0.0018255743279660932
0.0018213365251670737
0.0018267829297234865
0.0018269951542599148
0.0018250391373472305
0.0018257717431089961
0.0018263446289142476
0.0018267317819667022
0.0018260064661303932
0.0018242894507318327
0.0018255720994537106
0.0018252302637131704
0.0018272685570088001
0.0018261106943239522
0.0018254984826081792
0.001823704154795713
0.0018258007694534105
0.0018262618513428387
0.0018228921845586986
0.0018239675308525803
0.0018274381614865214
0.0018253976744379997
0.0018255558076363725
0.0018285725640495689
0.0018261978938736022
