0.001818884312201998
0.001825257354830026
0.001824375486734552
0.0018238662196070439
0.0018258237864637217
0.001824281293141777
0.0018273487441998791
0.0018268292504686793
0.0018256765454994672
0.0018223443815352576
0.001827317899873701
0.001826216432400229
0.00182375262395179
0.0018256036488428938
0.0018237074632078344
0.0018242862293219898
0.0018273697563314087
0.0018218518614078706
0.001825149060336356
0.0018258314292523745
0.0018266786981754547
0.0018265362980562766
0.0018242070977199784
0.0018247426991364409
0.001826906885084966
0.001828268933010245
0.001826432116984278
0.0018272805724946191
0.0018272181468134102
0.001825529542796747
