0.0018196261227470599
0.0018233850912875785
0.001822952249539126
0.0018206178430699592
0.0018209359230114174
0.001817589372243775
0.0018227270358153972
0.00182016468889233
0.0018175846607644988
0.0018215224869558332
0.0018171953985838876
0.0018190946691498937
0.0018193636582275643
0.001820595816701011
0.0018190032986706043
0.00181864142475022
0.0018184207562940125
0.0018190258373337932
0.0018153745796352712
0.0018189266195900399
0.0018229655395507025
0.0018205476556080653
0.0018169292857869478
0.0018225233862526552
0.001820596261826052
0.0018131736294119808
0.0018208028837228413
0.0018179993214480562
0.0018194298357872675
0.0018191305483190494
