9.384839658756524E-4
9.394644633891559E-4
9.39730062280254E-4
9.400314661637068E-4
9.399571803895782E-4
9.397920289210284E-4
9.39323057612599E-4
9.395120306375794E-4
9.391776041800771E-4
9.393379866697783E-4
9.402176242887985E-4
9.392954410208025E-4
9.396426528740147E-4
9.396924070161274E-4
9.395026345821412E-4
9.402531862897888E-4
9.396910604800137E-4
9.393152786541342E-4
9.39740195449448E-4
9.402759734103793E-4
9.39695378220565E-4
9.40326275315732E-4
9.393313925924099E-4
9.394247150228032E-4
9.39160312474789E-4
9.392761660167848E-4
9.395672623546161E-4
9.394969750480966E-4
9.396280335726734E-4
9.401134632293455E-4
