0.0010355248063001945
0.001036265650118975
0.0010375667741928172
0.0010370479247562765
0.0010374290413511069
0.001036428071152329
0.0010368108077350416
0.0010366428559515572
0.0010359577191589018
0.0010371446532336669
0.0010361809316430841
0.0010361544032533978
0.001036625727137876
0.0010362743235390638
0.0010367886438245096
0.0010364812343523645
0.0010365042927568688
0.0010367809098598092
0.00103691675511768
0.0010371021518396646
0.0010367287935732043
0.0010364188527743935
0.0010370026384449059
0.0010368805400986932
0.0010360078874851247
0.0010366065161840823
0.0010360960822082517
0.0010365653018931118
0.001036155651993827
0.0010373283056617079
