9.399863484911349E-4
9.401111199707474E-4
9.391113205004845E-4
9.388390421952029E-4
9.397001858026085E-4
9.399284100986393E-4
9.399823817270016E-4
9.401239491194023E-4
9.396686663794267E-4
9.399837552768978E-4
9.390837447538632E-4
9.39667802431622E-4
9.399948924859057E-4
9.393768054927828E-4
9.393992728382145E-4
9.392646440645783E-4
9.40177099619572E-4
9.393037003249157E-4
9.393887413831881E-4
9.38990369674559E-4
9.395213908992109E-4
9.399517083042604E-4
9.396636330327348E-4
9.393754854525972E-4
9.395461056688E-4
9.39829981436991E-4
9.399284656145591E-4
9.389482789512345E-4
9.39756373978608E-4
9.395668693196271E-4
