0.001036634224457848
0.0010362543600570086
0.0010368799760671552
0.0010352845735941115
0.0010374417615859387
0.0010359199318213906
0.0010358952394453316
0.0010366513656571695
0.0010365410213518736
0.0010366769680029188
0.001036316623948738
0.0010369540620832457
0.0010367861055932295
0.0010359910148678465
0.0010362742417207513
0.0010360339909551485
0.0010371870790836064
0.0010361445615478951
0.0010368195197031876
0.0010361364086434715
0.0010367841902720696
0.0010360218159280407
0.0010362168177831506
0.0010364413351480538
0.00103820324202876
0.0010363652459248018
0.0010370874574805928
0.0010367408774509975
0.0010362446291902415
0.0010359203121408076
