0.001036755987383052
0.0010362926990247273
0.0010367001040559754
0.0010370455631778185
0.001035673091285946
0.0010366672780244394
0.0010381286932527596
0.0010374647788361515
0.001036004814925712
0.0010358713944203129
0.0010370090401594016
0.0010365358224847586
0.0010360182985333388
0.0010366571154889548
0.0010366496501354131
0.0010369675095138714
0.0010372247398008027
0.0010368834099511942
0.001036684626696675
0.001036686647197747
0.0010370338613646065
0.001036247464670246
0.0010373455865425112
0.0010367473809281204
0.00103693464955953
0.0010364867460573293
0.0010370023621864943
0.001036713818712058
0.0010361213538052998
0.0010364302474406334
