9.397275522806713E-4
9.391239027319144E-4
9.394935063356676E-4
9.39710468543278E-4
9.404187635772086E-4
9.403995695634924E-4
9.404134794544356E-4
9.391791624002999E-4
9.397000248373281E-4
9.392610074898029E-4
9.392817944243705E-4
9.398761028693585E-4
9.393767079467557E-4
9.395463128727011E-4
9.400538498530869E-4
9.406203664673022E-4
9.390237892651803E-4
9.396297459889523E-4
9.396836914562048E-4
9.400101470905039E-4
9.401058664711022E-4
9.401298575121657E-4
9.402875669316212E-4
9.39888471414615E-4
9.394851421425298E-4
9.401047013557014E-4
9.397892913345907E-4
9.400435723532193E-4
9.394079689866844E-4
9.38466685361557E-4
