9.399386775682912E-4
9.398066538800742E-4
9.394591832807351E-4
9.399010205201153E-4
9.401357888859294E-4
9.391809368181952E-4
9.395686574491319E-4
9.390541750757119E-4
9.403089022801021E-4
9.395551622213266E-4
9.395441779569886E-4
9.39622853045779E-4
9.398325124572152E-4
9.398515605182262E-4
9.396305140682453E-4
9.399768911884292E-4
9.400910682865662E-4
9.398634739374242E-4
9.396611872527745E-4
9.393109611148284E-4
9.399102136154695E-4
9.397144087080301E-4
9.398565467137181E-4
9.398918988396885E-4
9.392710787615862E-4
9.391386455280413E-4
9.386714144424289E-4
9.40159424238491E-4
9.398014983801302E-4
9.392241844887032E-4
