0.0010369263086425586
0.0010369388568866864
0.001036197449653004
0.0010363310536376528
0.0010365617450211534
0.0010374711595355721
0.0010370435497325224
0.0010373138913051002
0.0010364018875506612
0.0010370862584727367
0.001037372273020587
0.001037293219282891
0.0010368552490898943
0.001036419147743618
0.0010367027701547143
0.0010368357551944368
0.001036965542256409
0.0010363959125570645
0.0010366785898324941
0.0010374061852667987
0.00103676784402179
0.0010367067680245546
0.0010362843085838815
0.0010369809485058358
0.0010368549910348575
0.0010372926890206233
0.0010371099287985897
0.0010362357508076243
0.0010366568194809056
0.0010366293593750526
