0.0013962172908807374
0.0013906287035451606
0.0013936153030944128
0.0013934469658296589
0.0013949861216142995
0.0013882630732294388
0.0013955626659975682
0.0013930397152168664
0.0013937397118369051
0.0013954331212940388
0.001394760993930331
0.0013934583522468148
0.0013967265755326257
0.0013906251244535377
0.0013935449432735398
0.001392326142349072
0.0013937217244587921
0.0013934350006688549
0.001390653096909629
0.0013915882449161625
0.0013933811719737887
0.0013926284721299934
0.0013931977806275093
0.0013936374009742248
0.0013913251704475568
0.001394010987794554
0.0013902048258764008
0.001391549178566548
0.001394267358740009
0.0013959218019272135
