0.0013930351824436166
0.0013949869357989296
0.0013950864669863363
0.0013941043061640513
0.0013954525690237347
0.0013946034923344346
0.0013943433903717303
0.0013913359027167714
0.0013926251623772078
0.001392939766578752
0.00139263517907626
0.0013926681920684455
0.001390947945484871
0.0013962142242196166
0.0013913480953200907
0.0013940178566385422
0.0013904556460170505
0.0013909310994548447
0.0013889245692078468
0.0013931256754490626
0.0013921797160338987
0.001395283154054406
0.0013957315086195066
0.0013880226811640117
0.0013926144316702004
0.001392892930763737
0.0013951858260072012
0.0013896578259922944
0.0013946391861827225
0.0013917240604877212
