0.0013963600247397564
0.0013900137016643905
0.0013922891120831896
0.001392128600156984
0.0013903024055851748
0.001392074208407826
0.0013950088582517653
0.0013922689420481382
0.001395918240168677
0.0013950280419878767
0.0013959446369924244
0.0013887482888917458
0.0013941410470652271
0.0013923048423986105
0.0013961830507234194
0.0013939974723131737
0.0013895186769787174
0.0013963579902673481
0.0013947722812741776
0.0013960823376606068
0.0013942763908694478
0.0013934148539123702
0.0013953414331090263
0.0013898445705103385
0.0013944865030816964
0.0013958789843386455
0.001390964880738812
0.0013941626487810432
0.001395669180389364
0.0013935138917048253
