0.0013892344256927732
0.0013954195778761883
0.0013954010939191649
0.0013953233268529448
0.0013939238411634243
0.0013932662701563936
0.0013930692289077496
0.0013929920232995917
0.0013918981896578857
0.0013947649237071506
0.001392942567515165
0.001393059015525365
0.0013891080065127738
0.001391076373402097
0.0013914366529711238
0.0013929370819058262
0.0013912143102186797
0.0013907636506613557
0.0013925672892197032
0.0013903337203778506
0.0013896286230790395
0.0013937771545427693
0.0013918287348697392
0.001392407824514917
0.0013917136894854752
0.001391999386540363
0.0013935638582319547
0.0013937356480316376
0.0013963185653551992
0.0013945779425013245
