0.0018091151730726042
0.0018122608857543121
0.001811516222571721
0.001807749522824087
0.0018072472503625557
0.0018128460630048551
0.0018117941064425592
0.0018156565400803898
0.0018134284098198128
0.001810817805411838
0.001807452088583124
0.0018114570473607204
0.0018072790668760812
0.0018132353130271388
0.0018114082412382388
0.0018103365451679833
0.0018117206173612925
0.0018115321645724779
0.0018045272346742707
0.001806287717854697
0.001809940972407515
0.0018101166993830938
0.0018054968102892304
0.0018080120272905428
0.001813736606677926
0.0018093597044741981
0.001804664682861012
0.0018065964155338815
0.0018139564977731931
0.0018123624774941077
