0.0018046697145594859
0.0018075317550213885
0.0018086302033738333
0.0018123877991158522
0.0018070140124934603
0.0018067288228694983
0.0018138247289962856
0.0018091436668627942
0.001811427154502044
0.0018078853669034698
0.0018081218401294315
0.0018044140138673212
0.0018135094355515385
0.0018125021202536457
0.001812217887643503
0.0018128980100809862
0.0018080098042402687
0.0018108921041616603
0.0018128615204667936
0.0018074447567160345
0.0018087350086028995
0.0018106908803019752
0.001806232034779392
0.001807621963168192
0.0018083726230685017
0.001808529831752518
0.0018054870196855988
0.001809369129611976
0.001803642626074521
0.0018150759265900852
