0.001811678451191693
0.0018063729241335432
0.0018101429051101503
0.0018045425147355137
0.0018136615672515776
0.0018138262435384175
0.0018097779646141414
0.0018056990642998719
0.001811608967705049
0.0018074491635162479
0.0018093106225066052
0.0018100873332727477
0.0018081010347741158
0.0018110108180721643
0.0018112217320455117
0.0018056177755349252
0.0018042649443842035
0.0018078528662268834
0.0018122047179014848
0.0018084732421438717
0.0018137478246092196
0.0018105018860630076
0.0018053583711892338
0.0018122128480299593
0.0018092924989208587
0.0018133490597764886
0.0018060694836207528
0.0018094539959032404
0.0018087838026139952
0.0018015751711118796
