0.0018115025446608722
0.0018063776663866985
0.001807730404296489
0.00181215631258331
0.0018126653653370173
0.0018073353475458048
0.0018131001339466064
0.0018086194442937928
0.0018114523246730238
0.0018138287809401326
0.0018064397921666153
0.0018053294607470551
0.0018091600898789953
0.0018074311005093976
0.0018127786149848594
0.0018105666807801484
0.0018086073970177132
0.0018037362625069595
0.001812570903529778
0.001808631870042792
0.0018113704781033504
0.0018063457370431036
0.001810806361322081
0.0018096983769378013
0.001808016783897983
0.0018092908552426864
0.0018097692798807496
0.0018116688411626493
0.0018071847511690635
0.0018112883571289428
